<?xml version="1.0" encoding="UTF-8"?>
<testng-results ignored="0" total="1" passed="1" failed="0" skipped="0">
  <reporter-output>
  </reporter-output>
  <suite started-at="2024-07-16T11:22:15 PDT" name="Suite" finished-at="2024-07-16T11:28:11 PDT" duration-ms="355744">
    <groups>
    </groups>
    <test started-at="2024-07-16T11:22:15 PDT" name="Test" finished-at="2024-07-16T11:28:11 PDT" duration-ms="355744">
      <class name="learningSelenium.LaunchGmail">
        <test-method signature="testdan()[pri:0, instance:learningSelenium.LaunchGmail@3bb9a3ff]" started-at="2024-07-16T11:22:15 PDT" name="testdan" finished-at="2024-07-16T11:28:11 PDT" duration-ms="355463" status="PASS">
          <reporter-output>
          </reporter-output>
        </test-method> <!-- testdan -->
      </class> <!-- learningSelenium.LaunchGmail -->
    </test> <!-- Test -->
  </suite> <!-- Suite -->
</testng-results>
